<?xml version="1.0" encoding="UTF-8"?>
<testsuite name="xyz.senius99.senius.controller.KakaoControllerTest" tests="2" skipped="0" failures="0" errors="0" timestamp="2024-08-01T06:40:48" hostname="hwangchabin-ui-MacBookPro.local" time="0.0">
  <properties/>
  <testcase name="kakaoCallback()" classname="xyz.senius99.senius.controller.KakaoControllerTest" time="0.0"/>
  <testcase name="authorize()" classname="xyz.senius99.senius.controller.KakaoControllerTest" time="0.0"/>
  <system-out><![CDATA[]]></system-out>
  <system-err><![CDATA[]]></system-err>
</testsuite>
